<?xml version="1.0" encoding="UTF-8"?>
<!-- Generated by org.testng.reporters.JUnitReportReporter -->
<testsuite hostname="DESKTOP-TUKDI5Q" failures="0" tests="3" name="pageTest.CartPageTest" time="29.326" errors="0" timestamp="2024-09-03T22:38:51 LINT" skipped="0">
  <testcase classname="pageTest.CartPageTest" name="verifyremovebutton" time="11.000"/>
  <testcase classname="pageTest.CartPageTest" name="proceedtocheckout" time="9.169"/>
  <testcase classname="pageTest.CartPageTest" name="verifycontinueshoppingbutton" time="9.157"/>
</testsuite> <!-- pageTest.CartPageTest -->
