<?xml version="1.0" encoding="UTF-8"?>
<!-- Generated by org.testng.reporters.JUnitReportReporter -->
<testsuite hostname="DESKTOP-TUKDI5Q" failures="0" tests="3" name="pageTest.CheckOutOverviewPageTest" time="33.605" errors="0" timestamp="2024-09-03T22:38:51 LINT" skipped="0">
  <testcase classname="pageTest.CheckOutOverviewPageTest" name="verifyshippinginfo" time="9.782"/>
  <testcase classname="pageTest.CheckOutOverviewPageTest" name="verifypaymentinfo" time="12.341"/>
  <testcase classname="pageTest.CheckOutOverviewPageTest" name="clickfinishbutton" time="11.482"/>
</testsuite> <!-- pageTest.CheckOutOverviewPageTest -->
