<?xml version="1.0" encoding="UTF-8"?>
<!-- Generated by org.testng.reporters.JUnitReportReporter -->
<testsuite hostname="DESKTOP-TUKDI5Q" failures="0" tests="1" name="base.baseclass" time="14.014" errors="0" timestamp="2024-08-31T18:46:43 LINT" skipped="0">
  <testcase classname="base.baseclass" name="browser" time="14.014"/>
</testsuite> <!-- base.baseclass -->
