<?xml version="1.0" encoding="UTF-8"?>
<!-- Generated by org.testng.reporters.JUnitReportReporter -->
<testsuite hostname="DESKTOP-TUKDI5Q" failures="0" tests="1" name="pageTest.ConfirmationPageTest" time="37.321" errors="0" timestamp="2024-09-03T22:38:51 LINT" skipped="0">
  <testcase classname="pageTest.ConfirmationPageTest" name="confirmPage" time="37.321"/>
</testsuite> <!-- pageTest.ConfirmationPageTest -->
