<?xml version="1.0" encoding="UTF-8"?>
<!-- Generated by org.testng.reporters.JUnitReportReporter -->
<testsuite hostname="DESKTOP-TUKDI5Q" failures="0" tests="1" name="pageTest.CheckOutPageTest" time="11.351" errors="0" timestamp="2024-09-03T22:38:51 LINT" skipped="0">
  <testcase classname="pageTest.CheckOutPageTest" name="verifyInformation" time="11.351"/>
</testsuite> <!-- pageTest.CheckOutPageTest -->
