<?xml version="1.0" encoding="UTF-8"?>
<!-- Generated by org.testng.reporters.JUnitReportReporter -->
<testsuite hostname="DESKTOP-TUKDI5Q" failures="0" tests="3" name="pageTest.ProductPageTest" time="60.921" errors="0" timestamp="2024-09-03T22:38:51 LINT" skipped="0">
  <testcase classname="pageTest.ProductPageTest" name="varifyCartLogo" time="16.622"/>
  <testcase classname="pageTest.ProductPageTest" name="verifyaddtocartProduct" time="11.938"/>
  <testcase classname="pageTest.ProductPageTest" name="gotocartWithFirstProduct" time="32.361"/>
</testsuite> <!-- pageTest.ProductPageTest -->
